SF:lib\core\network\network_info.dart
DA:10,1
DA:12,1
DA:13,2
LF:3
LH:3
end_of_record
SF:lib\core\util\input_converter.dart
DA:5,1
DA:7,1
DA:8,1
DA:11,1
DA:12,1
DA:13,2
DA:19,1
DA:20,1
LF:8
LH:8
end_of_record
SF:lib\core\error\failures.dart
DA:4,2
DA:10,1
DA:11,1
DA:15,1
DA:16,1
LF:5
LH:5
end_of_record
SF:lib\features\number_trivia\data\datasources\number_trivia_local_datasource.dart
DA:24,1
DA:26,1
DA:28,2
DA:31,3
DA:33,1
DA:37,1
DA:39,4
LF:7
LH:7
end_of_record
SF:lib\features\number_trivia\data\models\number_trivia_model.dart
DA:5,9
DA:7,3
DA:8,3
DA:9,3
DA:10,6
DA:14,2
DA:15,6
LF:7
LH:7
end_of_record
SF:lib\features\number_trivia\domain\entities\number_trivia.dart
DA:7,9
DA:12,3
DA:14,9
LF:3
LH:3
end_of_record
SF:lib\features\number_trivia\data\datasources\number_trivia_remote_datasource.dart
DA:23,1
DA:25,1
DA:27,2
DA:30,1
DA:32,1
DA:35,1
DA:36,4
DA:38,2
DA:39,3
DA:41,1
LF:10
LH:10
end_of_record
SF:lib\features\number_trivia\data\repositories\number_trivia_repo_impl.dart
DA:20,1
DA:27,1
DA:29,4
DA:32,1
DA:34,4
DA:38,1
DA:39,2
DA:41,1
DA:42,2
DA:43,1
DA:44,1
DA:45,2
DA:49,2
DA:50,1
DA:51,1
DA:52,2
LF:16
LH:16
end_of_record
SF:lib\features\number_trivia\domain\usecases\get_concrete_number_trivia.dart
DA:12,1
DA:14,1
DA:16,3
DA:23,2
DA:25,0
DA:26,0
LF:6
LH:4
end_of_record
SF:lib\core\usecases\usecase.dart
DA:12,0
DA:13,0
LF:2
LH:0
end_of_record
SF:lib\features\number_trivia\domain\usecases\get_random_number_trivia.dart
DA:11,1
DA:13,1
DA:15,2
LF:3
LH:3
end_of_record
SF:lib\features\number_trivia\presentation\bloc\number_trivia_state.dart
DA:4,3
DA:6,1
DA:7,1
DA:17,1
DA:23,2
LF:5
LH:5
end_of_record
SF:lib\features\number_trivia\presentation\bloc\number_trivia_event.dart
DA:4,1
DA:6,0
DA:7,0
DA:13,1
LF:4
LH:2
end_of_record
SF:lib\features\number_trivia\presentation\bloc\number_trivia_bloc.dart
DA:27,2
DA:29,1
DA:33,2
DA:34,1
DA:35,0
DA:37,0
DA:38,0
DA:39,0
DA:40,0
DA:42,0
DA:43,0
DA:44,0
DA:49,1
DA:50,0
DA:52,0
DA:53,0
DA:54,0
DA:55,0
DA:60,0
DA:61,0
DA:62,0
DA:64,0
LF:22
LH:5
end_of_record
